<?xml version="1.0" encoding="UTF-8"?>
<!-- Generated by org.testng.reporters.JUnitXMLReporter -->
<testsuite ignored="0" hostname="Mohammads-iMac.home" failures="1" tests="3" name="Validate Title" time="14.813" errors="0" timestamp="2020-12-02T08:22:46 CST">
  <testcase classname="org.example.validateNavigationBar" name="verify_NavigationBar" time="0.348"/>
  <testcase classname="org.example.validateTitle" name="verify_validateTitle" time="0.104"/>
  <testcase classname="org.example.HomePage" name="basePageNavigation" time="6.187">
    <failure type="org.openqa.selenium.ElementClickInterceptedException" message="Element &amp;lt;a class=&amp;quot;theme-btn register-btn&amp;quot; href=&amp;quot;https://courses.rahulshettyacademy.com/sign_in&amp;quot;&amp;gt; is not clickable at point (1482,27) because another element &amp;lt;div class=&amp;quot;preloader&amp;quot;&amp;gt; obscures it
Build info: version: &amp;apos;4.0.0-alpha-5&amp;apos;, revision: &amp;apos;b3a0d621cc&amp;apos;
System info: host: &amp;apos;Mohammads-iMac.home&amp;apos;, ip: &amp;apos;192.168.254.14&amp;apos;, os.name: &amp;apos;Mac OS X&amp;apos;, os.arch: &amp;apos;x86_64&amp;apos;, os.version: &amp;apos;10.15.7&amp;apos;, java.version: &amp;apos;13.0.1&amp;apos;
Driver info: org.openqa.selenium.firefox.FirefoxDriver
Capabilities {acceptInsecureCerts: true, browserName: firefox, browserVersion: 83.0, javascriptEnabled: true, moz:accessibilityChecks: false, moz:buildID: 20201112153044, moz:geckodriverVersion: 0.28.0, moz:headless: false, moz:processID: 17649, moz:profile: /var/folders/ts/76vg2q_d5q1..., moz:shutdownTimeout: 60000, moz:useNonSpecCompliantPointerOrigin: false, moz:webdriverClick: true, pageLoadStrategy: normal, platform: MAC, platformName: MAC, platformVersion: 19.6.0, rotatable: false, setWindowRect: true, strictFileInteractability: false, timeouts: {implicit: 0, pageLoad: 300000, script: 30000}, unhandledPromptBehavior: dismiss and notify}
Session ID: f8be4f5c-1837-0c47-9604-6150793bcb95">
      <![CDATA[org.openqa.selenium.ElementClickInterceptedException: Element <a class="theme-btn register-btn" href="https://courses.rahulshettyacademy.com/sign_in"> is not clickable at point (1482,27) because another element <div class="preloader"> obscures it
Build info: version: '4.0.0-alpha-5', revision: 'b3a0d621cc'
System info: host: 'Mohammads-iMac.home', ip: '192.168.254.14', os.name: 'Mac OS X', os.arch: 'x86_64', os.version: '10.15.7', java.version: '13.0.1'
Driver info: org.openqa.selenium.firefox.FirefoxDriver
Capabilities {acceptInsecureCerts: true, browserName: firefox, browserVersion: 83.0, javascriptEnabled: true, moz:accessibilityChecks: false, moz:buildID: 20201112153044, moz:geckodriverVersion: 0.28.0, moz:headless: false, moz:processID: 17649, moz:profile: /var/folders/ts/76vg2q_d5q1..., moz:shutdownTimeout: 60000, moz:useNonSpecCompliantPointerOrigin: false, moz:webdriverClick: true, pageLoadStrategy: normal, platform: MAC, platformName: MAC, platformVersion: 19.6.0, rotatable: false, setWindowRect: true, strictFileInteractability: false, timeouts: {implicit: 0, pageLoad: 300000, script: 30000}, unhandledPromptBehavior: dismiss and notify}
Session ID: f8be4f5c-1837-0c47-9604-6150793bcb95
at org.openqa.selenium.remote.codec.w3c.W3CHttpResponseCodec.createException(W3CHttpResponseCodec.java:196)
at org.openqa.selenium.remote.codec.w3c.W3CHttpResponseCodec.decode(W3CHttpResponseCodec.java:129)
at org.openqa.selenium.remote.codec.w3c.W3CHttpResponseCodec.decode(W3CHttpResponseCodec.java:53)
at org.openqa.selenium.remote.HttpCommandExecutor.execute(HttpCommandExecutor.java:161)
at org.openqa.selenium.remote.service.DriverCommandExecutor.execute(DriverCommandExecutor.java:83)
at org.openqa.selenium.remote.RemoteWebDriver.execute(RemoteWebDriver.java:582)
at org.openqa.selenium.remote.RemoteWebElement.execute(RemoteWebElement.java:316)
at org.openqa.selenium.remote.RemoteWebElement.click(RemoteWebElement.java:85)
at pageObjects.LandingPage.getLogin(LandingPage.java:22)
at org.example.HomePage.basePageNavigation(HomePage.java:30)
at java.base/java.util.ArrayList.forEach(ArrayList.java:1507)
at java.base/java.util.concurrent.FutureTask.run(FutureTask.java:264)
at java.base/java.util.concurrent.ThreadPoolExecutor.runWorker(ThreadPoolExecutor.java:1128)
at java.base/java.util.concurrent.ThreadPoolExecutor$Worker.run(ThreadPoolExecutor.java:628)
at java.base/java.lang.Thread.run(Thread.java:830)
... Removed 23 stack frames]]>
    </failure>
  </testcase> <!-- basePageNavigation -->
</testsuite> <!-- Validate Title -->
