<?xml version="1.0" encoding="UTF-8"?>
<!-- Generated by org.testng.reporters.JUnitXMLReporter -->
<testsuite ignored="0" hostname="Mohammads-iMac.home" failures="0" tests="4" name="Validate Title" time="0.145" errors="0" timestamp="2020-09-25T07:56:46 CDT">
  <testcase classname="org.example.validateTitle" name="@BeforeTest initialize" time="0.067">
    <failure type="java.lang.NullPointerException">
      <![CDATA[java.lang.NullPointerException
at resources.base.initializeDriver(base.java:35)
at org.example.validateTitle.initialize(validateTitle.java:21)
at java.base/java.util.concurrent.FutureTask.run(FutureTask.java:264)
at java.base/java.util.concurrent.ThreadPoolExecutor.runWorker(ThreadPoolExecutor.java:1128)
at java.base/java.util.concurrent.ThreadPoolExecutor$Worker.run(ThreadPoolExecutor.java:628)
at java.base/java.lang.Thread.run(Thread.java:830)
... Removed 15 stack frames]]>
    </failure>
  </testcase> <!-- @BeforeTest initialize -->
  <testcase classname="org.example.validateTitle" name="@AfterTest teardown" time="-1.601038606511E9">
    <skipped/>
  </testcase> <!-- @AfterTest teardown -->
  <testcase classname="org.example.validateTitle" name="verify_validateTitle" time="0.0">
    <skipped/>
  </testcase> <!-- verify_validateTitle -->
  <testcase classname="org.example.validateNavigationBar" name="verify_NavigationBar" time="0.0">
    <skipped/>
  </testcase> <!-- verify_NavigationBar -->
  <testcase classname="org.example.HomePage" name="basePageNavigation" time="0.0">
    <skipped/>
  </testcase> <!-- basePageNavigation -->
  <testcase classname="org.example.HomePage" name="basePageNavigation" time="0.0">
    <skipped/>
  </testcase> <!-- basePageNavigation -->
</testsuite> <!-- Validate Title -->
