<?xml version="1.0" encoding="UTF-8"?>
<!-- Generated by org.testng.reporters.JUnitXMLReporter -->
<testsuite ignored="0" hostname="Mohammads-iMac.home" failures="0" tests="4" name="E2EProject" time="50.49" errors="0" timestamp="2020-08-21T16:37:13 CDT">
  <testcase classname="org.example.HomePage" name="basePageNavigation" time="6.502"/>
  <testcase classname="org.example.HomePage" name="basePageNavigation" time="2.253"/>
  <testcase classname="org.example.validateNavigationBar" name="basePageNavigation" time="0.251"/>
  <testcase classname="org.example.validateTitle" name="basePageNavigation" time="0.285"/>
</testsuite> <!-- E2EProject -->
