<?xml version="1.0" encoding="UTF-8"?>
<testsuite xmlns:xsi="http://www.w3.org/2001/XMLSchema-instance" xsi:noNamespaceSchemaLocation="https://maven.apache.org/surefire/maven-surefire-plugin/xsd/surefire-test-report-3.0.xsd" version="3.0" name="TestSuite" time="17.16" tests="4" errors="0" skipped="0" failures="2">
  <properties>
[...]
</properties>
  <testcase name="verify_NavigationBar" classname="org.example.validateNavigationBar" time="0.351">
    <system-err><![CDATA[1606918952134	geckodriver	INFO	Li1s6t0e6n9i18n9g5 o21n 3412	7g.e0ck.0od.1ri:1v4e9r6	2I
NFO	Listening on 127.0.0.1:12678
1606918952134	geckodriver	INFO	Listening on 127.0.0.1:35506
1606918952527	mozrunner::runner	INFO	Running command: "/Applications/Firefox.app/Contents/MacOS/firefox-bin" "--marionette" "-foreground" "-no-remote" "-profile" "/var/folders/ts/76vg2q_d5q17nwmz0d88jrvw0000gn/T/rust_mozprofilejZVm0q"
1606918952533	mozrunner::runner	INFO	Running command: "/Applications/Firefox.app/Contents/MacOS/firefox-bin" "--marionette" "-foreground" "-no-remote" "-profile" "/var/folders/ts/76vg2q_d5q17nwmz0d88jrvw0000gn/T/rust_mozprofileJ0sH1l"
1606918952537	mozrunner::runner	INFO	Running command: "/Applications/Firefox.app/Contents/MacOS/firefox-bin" "--marionette" "-foreground" "-no-remote" "-profile" "/var/folders/ts/76vg2q_d5q17nwmz0d88jrvw0000gn/T/rust_mozprofile1oPwC2"
console.warn: SearchSettings: "get: No settings file exists, new profile?" (new Error("", "(unknown module)"))
console.warn: SearchSettings: "get: No settings file exists, new profile?" (new Error("", "(unknown module)"))
console.warn: SearchSettings: "get: No settings file exists, new profile?" (new Error("", "(unknown module)"))
1606918957456	Marionette	INFO	Listening on port 58617
1606918957598	Marionette	WARN	TLS certificate errors will be ignored for this session
1606918957813	Marionette	INFO	Listening on port 58615
Dec 02, 2020 8:22:37 AM org.openqa.selenium.remote.ProtocolHandshake createSession
INFO: Detected dialect: W3C
1606918957892	Marionette	INFO	Listening on port 58614
1606918957944	Marionette	WARN	TLS certificate errors will be ignored for this session
1606918957974	Marionette	WARN	TLS certificate errors will be ignored for this session
Dec 02, 2020 8:22:37 AM org.openqa.selenium.remote.ProtocolHandshake createSession
INFO: Detected dialect: W3C
Dec 02, 2020 8:22:38 AM org.openqa.selenium.remote.ProtocolHandshake createSession
INFO: Detected dialect: W3C
]]></system-err>
  </testcase>
  <testcase name="basePageNavigation[username, password](1)" classname="org.example.HomePage" time="0.763">
    <failure message="Element &lt;a class=&quot;theme-btn register-btn&quot; href=&quot;https://courses.rahulshettyacademy.com/sign_in&quot;&gt; is not clickable at point (1482,27) because another element &lt;div class=&quot;preloader&quot;&gt; obscures it&#10;Build info: version: &apos;4.0.0-alpha-5&apos;, revision: &apos;b3a0d621cc&apos;&#10;System info: host: &apos;Mohammads-iMac.home&apos;, ip: &apos;192.168.254.14&apos;, os.name: &apos;Mac OS X&apos;, os.arch: &apos;x86_64&apos;, os.version: &apos;10.15.7&apos;, java.version: &apos;13.0.1&apos;&#10;Driver info: org.openqa.selenium.firefox.FirefoxDriver&#10;Capabilities {acceptInsecureCerts: true, browserName: firefox, browserVersion: 83.0, javascriptEnabled: true, moz:accessibilityChecks: false, moz:buildID: 20201112153044, moz:geckodriverVersion: 0.28.0, moz:headless: false, moz:processID: 17649, moz:profile: /var/folders/ts/76vg2q_d5q1..., moz:shutdownTimeout: 60000, moz:useNonSpecCompliantPointerOrigin: false, moz:webdriverClick: true, pageLoadStrategy: normal, platform: MAC, platformName: MAC, platformVersion: 19.6.0, rotatable: false, setWindowRect: true, strictFileInteractability: false, timeouts: {implicit: 0, pageLoad: 300000, script: 30000}, unhandledPromptBehavior: dismiss and notify}&#10;Session ID: f8be4f5c-1837-0c47-9604-6150793bcb95" type="org.openqa.selenium.ElementClickInterceptedException"><![CDATA[org.openqa.selenium.ElementClickInterceptedException: 
Element <a class="theme-btn register-btn" href="https://courses.rahulshettyacademy.com/sign_in"> is not clickable at point (1482,27) because another element <div class="preloader"> obscures it
Build info: version: '4.0.0-alpha-5', revision: 'b3a0d621cc'
System info: host: 'Mohammads-iMac.home', ip: '192.168.254.14', os.name: 'Mac OS X', os.arch: 'x86_64', os.version: '10.15.7', java.version: '13.0.1'
Driver info: org.openqa.selenium.firefox.FirefoxDriver
Capabilities {acceptInsecureCerts: true, browserName: firefox, browserVersion: 83.0, javascriptEnabled: true, moz:accessibilityChecks: false, moz:buildID: 20201112153044, moz:geckodriverVersion: 0.28.0, moz:headless: false, moz:processID: 17649, moz:profile: /var/folders/ts/76vg2q_d5q1..., moz:shutdownTimeout: 60000, moz:useNonSpecCompliantPointerOrigin: false, moz:webdriverClick: true, pageLoadStrategy: normal, platform: MAC, platformName: MAC, platformVersion: 19.6.0, rotatable: false, setWindowRect: true, strictFileInteractability: false, timeouts: {implicit: 0, pageLoad: 300000, script: 30000}, unhandledPromptBehavior: dismiss and notify}
Session ID: f8be4f5c-1837-0c47-9604-6150793bcb95
	at org.example.HomePage.basePageNavigation(HomePage.java:30)
]]></failure>
    <system-err><![CDATA[1606918964507	Marionette	INFO	Stopped listening on port 58617
]]></system-err>
  </testcase>
  <testcase name="basePageNavigation[username1, Password1](2)" classname="org.example.HomePage" time="0.749">
    <failure message="Element &lt;a class=&quot;theme-btn register-btn&quot; href=&quot;https://courses.rahulshettyacademy.com/sign_in&quot;&gt; is not clickable at point (1482,27) because another element &lt;div class=&quot;preloader&quot;&gt; obscures it&#10;Build info: version: &apos;4.0.0-alpha-5&apos;, revision: &apos;b3a0d621cc&apos;&#10;System info: host: &apos;Mohammads-iMac.home&apos;, ip: &apos;192.168.254.14&apos;, os.name: &apos;Mac OS X&apos;, os.arch: &apos;x86_64&apos;, os.version: &apos;10.15.7&apos;, java.version: &apos;13.0.1&apos;&#10;Driver info: org.openqa.selenium.firefox.FirefoxDriver&#10;Capabilities {acceptInsecureCerts: true, browserName: firefox, browserVersion: 83.0, javascriptEnabled: true, moz:accessibilityChecks: false, moz:buildID: 20201112153044, moz:geckodriverVersion: 0.28.0, moz:headless: false, moz:processID: 17649, moz:profile: /var/folders/ts/76vg2q_d5q1..., moz:shutdownTimeout: 60000, moz:useNonSpecCompliantPointerOrigin: false, moz:webdriverClick: true, pageLoadStrategy: normal, platform: MAC, platformName: MAC, platformVersion: 19.6.0, rotatable: false, setWindowRect: true, strictFileInteractability: false, timeouts: {implicit: 0, pageLoad: 300000, script: 30000}, unhandledPromptBehavior: dismiss and notify}&#10;Session ID: f8be4f5c-1837-0c47-9604-6150793bcb95" type="org.openqa.selenium.ElementClickInterceptedException"><![CDATA[org.openqa.selenium.ElementClickInterceptedException: 
Element <a class="theme-btn register-btn" href="https://courses.rahulshettyacademy.com/sign_in"> is not clickable at point (1482,27) because another element <div class="preloader"> obscures it
Build info: version: '4.0.0-alpha-5', revision: 'b3a0d621cc'
System info: host: 'Mohammads-iMac.home', ip: '192.168.254.14', os.name: 'Mac OS X', os.arch: 'x86_64', os.version: '10.15.7', java.version: '13.0.1'
Driver info: org.openqa.selenium.firefox.FirefoxDriver
Capabilities {acceptInsecureCerts: true, browserName: firefox, browserVersion: 83.0, javascriptEnabled: true, moz:accessibilityChecks: false, moz:buildID: 20201112153044, moz:geckodriverVersion: 0.28.0, moz:headless: false, moz:processID: 17649, moz:profile: /var/folders/ts/76vg2q_d5q1..., moz:shutdownTimeout: 60000, moz:useNonSpecCompliantPointerOrigin: false, moz:webdriverClick: true, pageLoadStrategy: normal, platform: MAC, platformName: MAC, platformVersion: 19.6.0, rotatable: false, setWindowRect: true, strictFileInteractability: false, timeouts: {implicit: 0, pageLoad: 300000, script: 30000}, unhandledPromptBehavior: dismiss and notify}
Session ID: f8be4f5c-1837-0c47-9604-6150793bcb95
	at org.example.HomePage.basePageNavigation(HomePage.java:30)
]]></failure>
    <system-err><![CDATA[1606918964974	Marionette	INFO	Stopped listening on port 58614

###!!! [Child][RunMessage] Error: Channel closing: too late to send/recv, messages will be lost

]]></system-err>
  </testcase>
  <testcase name="verify_validateTitle" classname="org.example.validateTitle" time="0.104"/>
</testsuite>