<?xml version="1.0" encoding="UTF-8"?>
<testsuite xmlns:xsi="http://www.w3.org/2001/XMLSchema-instance" xsi:noNamespaceSchemaLocation="https://maven.apache.org/surefire/maven-surefire-plugin/xsd/surefire-test-report-3.0.xsd" version="3.0" name="TestSuite" time="5.796" tests="10" errors="0" skipped="7" failures="3">
  <properties>
[...]
</properties>
  <testcase name="initialize" classname="org.example.validateTitle" time="4.141">
    <failure type="java.lang.NullPointerException"><![CDATA[java.lang.NullPointerException
	at org.example.validateTitle.initialize(validateTitle.java:21)
]]></failure>
  </testcase>
  <testcase name="verify_validateTitle" classname="org.example.validateTitle" time="0">
    <skipped/>
  </testcase>
  <testcase name="teardown" classname="org.example.validateTitle" time="0">
    <skipped/>
  </testcase>
  <testcase name="initialize" classname="org.example.validateNavigationBar" time="4.142">
    <failure type="java.lang.NullPointerException"><![CDATA[java.lang.NullPointerException
	at org.example.validateNavigationBar.initialize(validateNavigationBar.java:20)
]]></failure>
  </testcase>
  <testcase name="verify_NavigationBar" classname="org.example.validateNavigationBar" time="0">
    <skipped/>
  </testcase>
  <testcase name="teardown" classname="org.example.validateNavigationBar" time="0">
    <skipped/>
  </testcase>
  <testcase name="initialize" classname="org.example.HomePage" time="4.142">
    <failure type="java.lang.NullPointerException"><![CDATA[java.lang.NullPointerException
	at org.example.HomePage.initialize(HomePage.java:22)
]]></failure>
  </testcase>
  <testcase name="basePageNavigation" classname="org.example.HomePage" time="0">
    <skipped/>
  </testcase>
  <testcase name="basePageNavigation" classname="org.example.HomePage" time="0">
    <skipped/>
  </testcase>
  <testcase name="teardown" classname="org.example.HomePage" time="0">
    <skipped/>
  </testcase>
</testsuite>