<?xml version="1.0" encoding="UTF-8"?>
<testsuite xmlns:xsi="http://www.w3.org/2001/XMLSchema-instance" xsi:noNamespaceSchemaLocation="https://maven.apache.org/surefire/maven-surefire-plugin/xsd/surefire-test-report-3.0.xsd" version="3.0" name="TestSuite" time="10.902" tests="4" errors="0" skipped="0" failures="2">
  <properties>
[...]
</properties>
  <testcase name="basePageNavigation[username, password](1)" classname="org.example.HomePage" time="2.56">
    <failure message="element click intercepted: Element &lt;a _ngcontent-gau-c18=&quot;&quot; href=&quot;https://courses.rahulshettyacademy.com/sign_in&quot; class=&quot;theme-btn register-btn&quot;&gt;...&lt;/a&gt; is not clickable at point (1481, 28). Other element would receive the click: &lt;div _ngcontent-gau-c18=&quot;&quot; class=&quot;preloader&quot;&gt;...&lt;/div&gt;&#10;  (Session info: chrome=86.0.4240.111)&#10;Build info: version: &apos;4.0.0-alpha-5&apos;, revision: &apos;b3a0d621cc&apos;&#10;System info: host: &apos;Mohammads-iMac.home&apos;, ip: &apos;192.168.254.14&apos;, os.name: &apos;Mac OS X&apos;, os.arch: &apos;x86_64&apos;, os.version: &apos;10.15.7&apos;, java.version: &apos;13.0.1&apos;&#10;Driver info: org.openqa.selenium.chrome.ChromeDriver&#10;Capabilities {acceptInsecureCerts: false, browserName: chrome, browserVersion: 86.0.4240.111, chrome: {chromedriverVersion: 86.0.4240.22 (398b0743353ff..., userDataDir: /var/folders/ts/76vg2q_d5q1...}, goog:chromeOptions: {debuggerAddress: localhost:50265}, javascriptEnabled: true, networkConnectionEnabled: false, pageLoadStrategy: normal, platform: MAC, platformName: MAC, proxy: Proxy(), setWindowRect: true, strictFileInteractability: false, timeouts: {implicit: 0, pageLoad: 300000, script: 30000}, unhandledPromptBehavior: dismiss and notify, webauthn:virtualAuthenticators: true}&#10;Session ID: 761d2a108cf245239a9cf780b1820af5" type="org.openqa.selenium.ElementClickInterceptedException"><![CDATA[org.openqa.selenium.ElementClickInterceptedException: 
element click intercepted: Element <a _ngcontent-gau-c18="" href="https://courses.rahulshettyacademy.com/sign_in" class="theme-btn register-btn">...</a> is not clickable at point (1481, 28). Other element would receive the click: <div _ngcontent-gau-c18="" class="preloader">...</div>
  (Session info: chrome=86.0.4240.111)
Build info: version: '4.0.0-alpha-5', revision: 'b3a0d621cc'
System info: host: 'Mohammads-iMac.home', ip: '192.168.254.14', os.name: 'Mac OS X', os.arch: 'x86_64', os.version: '10.15.7', java.version: '13.0.1'
Driver info: org.openqa.selenium.chrome.ChromeDriver
Capabilities {acceptInsecureCerts: false, browserName: chrome, browserVersion: 86.0.4240.111, chrome: {chromedriverVersion: 86.0.4240.22 (398b0743353ff..., userDataDir: /var/folders/ts/76vg2q_d5q1...}, goog:chromeOptions: {debuggerAddress: localhost:50265}, javascriptEnabled: true, networkConnectionEnabled: false, pageLoadStrategy: normal, platform: MAC, platformName: MAC, proxy: Proxy(), setWindowRect: true, strictFileInteractability: false, timeouts: {implicit: 0, pageLoad: 300000, script: 30000}, unhandledPromptBehavior: dismiss and notify, webauthn:virtualAuthenticators: true}
Session ID: 761d2a108cf245239a9cf780b1820af5
	at org.example.HomePage.basePageNavigation(HomePage.java:30)
]]></failure>
    <system-err><![CDATA[SStatarrttiinngg  CChhrroommeeDDrirvievrer 86.0 .8462.400..422420 (.2392 8(b039748b3307534f3f33536ffbf1b83264f6b8f613b8a3a29436b84fe26e893Staea-3rratei9n3fsb/4gbe 2Cherr8om9eeD-rrieavfnescr/h b-r8haen6ca.d0hs./-44h22e44a00d@.s{2/#2432 74(803@9}8)b{ 0o#7n4 37p3o83}5)r3t f ofn63 860pf5obr
1Otb8 224n1l68y85 f3l
6oO3cnaal3la y9c 3bl4oone2ncee8ac9tlei -orcneosfn sna/ebrrec atnailcolhn-oshw eeaadr.des /a4l2l4
o0Pw@el{de#a.
3sP7el8 e}sa)se eeo  nsh tepeto prhst:t t//p2cs2:4h/9r/3oc
mhOerndolmryie vldeorrci.avcleh rcoomniunme.cotirogn/s sare.cchruormiitumy.-roceor nagslli/sdeercatiuoorwnist eyfd-oc.r
 oPsnlusgigdesertaitoinosn os nef aokseer e spseeui gnhtggte pCss:ht/ir/oocmnhesro Dmorednirv ikveerer e.scphiarnfogemi .umC
.Chohrrgor/moesmDeercDiuvrreiirt ysv-eraf weac.o
sn sCsihtdroaemrreatDterido nsisvu cefcro ersw sassf ulusgtglaersytt.ei
do nssu occne kssefepulilngy. C
hromeDriver safe.
ChromeDriver was started successfully.
Oct 28, 2020 10:14:32 AM org.openqa.selenium.remote.ProtocolHandshake createSession
INFO: Detected dialect: W3C
Oct 28, 2020 10:14:32 AM org.openqa.selenium.remote.ProtocolHandshake createSession
INFO: Detected dialect: W3C
Oct 28, 2020 10:14:32 AM org.openqa.selenium.remote.ProtocolHandshake createSession
INFO: Detected dialect: W3C
]]></system-err>
  </testcase>
  <testcase name="basePageNavigation[username1, Password1](2)" classname="org.example.HomePage" time="1.633">
    <failure message="element click intercepted: Element &lt;a _ngcontent-mbw-c18=&quot;&quot; href=&quot;https://courses.rahulshettyacademy.com/sign_in&quot; class=&quot;theme-btn register-btn&quot;&gt;...&lt;/a&gt; is not clickable at point (1482, 27). Other element would receive the click: &lt;div _ngcontent-mbw-c18=&quot;&quot; class=&quot;preloader&quot;&gt;...&lt;/div&gt;&#10;  (Session info: chrome=86.0.4240.111)&#10;Build info: version: &apos;4.0.0-alpha-5&apos;, revision: &apos;b3a0d621cc&apos;&#10;System info: host: &apos;Mohammads-iMac.home&apos;, ip: &apos;192.168.254.14&apos;, os.name: &apos;Mac OS X&apos;, os.arch: &apos;x86_64&apos;, os.version: &apos;10.15.7&apos;, java.version: &apos;13.0.1&apos;&#10;Driver info: org.openqa.selenium.chrome.ChromeDriver&#10;Capabilities {acceptInsecureCerts: false, browserName: chrome, browserVersion: 86.0.4240.111, chrome: {chromedriverVersion: 86.0.4240.22 (398b0743353ff..., userDataDir: /var/folders/ts/76vg2q_d5q1...}, goog:chromeOptions: {debuggerAddress: localhost:50265}, javascriptEnabled: true, networkConnectionEnabled: false, pageLoadStrategy: normal, platform: MAC, platformName: MAC, proxy: Proxy(), setWindowRect: true, strictFileInteractability: false, timeouts: {implicit: 0, pageLoad: 300000, script: 30000}, unhandledPromptBehavior: dismiss and notify, webauthn:virtualAuthenticators: true}&#10;Session ID: 761d2a108cf245239a9cf780b1820af5" type="org.openqa.selenium.ElementClickInterceptedException"><![CDATA[org.openqa.selenium.ElementClickInterceptedException: 
element click intercepted: Element <a _ngcontent-mbw-c18="" href="https://courses.rahulshettyacademy.com/sign_in" class="theme-btn register-btn">...</a> is not clickable at point (1482, 27). Other element would receive the click: <div _ngcontent-mbw-c18="" class="preloader">...</div>
  (Session info: chrome=86.0.4240.111)
Build info: version: '4.0.0-alpha-5', revision: 'b3a0d621cc'
System info: host: 'Mohammads-iMac.home', ip: '192.168.254.14', os.name: 'Mac OS X', os.arch: 'x86_64', os.version: '10.15.7', java.version: '13.0.1'
Driver info: org.openqa.selenium.chrome.ChromeDriver
Capabilities {acceptInsecureCerts: false, browserName: chrome, browserVersion: 86.0.4240.111, chrome: {chromedriverVersion: 86.0.4240.22 (398b0743353ff..., userDataDir: /var/folders/ts/76vg2q_d5q1...}, goog:chromeOptions: {debuggerAddress: localhost:50265}, javascriptEnabled: true, networkConnectionEnabled: false, pageLoadStrategy: normal, platform: MAC, platformName: MAC, proxy: Proxy(), setWindowRect: true, strictFileInteractability: false, timeouts: {implicit: 0, pageLoad: 300000, script: 30000}, unhandledPromptBehavior: dismiss and notify, webauthn:virtualAuthenticators: true}
Session ID: 761d2a108cf245239a9cf780b1820af5
	at org.example.HomePage.basePageNavigation(HomePage.java:30)
]]></failure>
  </testcase>
  <testcase name="verify_NavigationBar" classname="org.example.validateNavigationBar" time="0.269"/>
  <testcase name="verify_validateTitle" classname="org.example.validateTitle" time="0.764"/>
</testsuite>